2020-09-03 04:57:06,785 ERROR [main] - Statistics - Statistics file `/home/mysparkub/.scalaide/statistics` is corrupted. A new one is being created. Corrupted content was:

com.cedarsoftware.util.io.JsonIoException: error parsing JSON value
	at com.cedarsoftware.util.io.JsonReader.readObject(JsonReader.java:529)
	at com.cedarsoftware.util.io.JsonReader.jsonToJava(JsonReader.java:289)
	at com.cedarsoftware.util.io.JsonReader.jsonToJava(JsonReader.java:262)
	at org.scalaide.core.internal.statistics.Statistics.read(Statistics.scala:74)
	at org.scalaide.core.internal.statistics.Statistics.$anonfun$readStats$1(Statistics.scala:52)
	at org.scalaide.core.internal.statistics.Statistics.$anonfun$readStats$1$adapted(Statistics.scala:51)
	at org.scalaide.core.ScalaIdeDataStore$.$anonfun$validate$2(ScalaIdeDataStore.scala:59)
	at org.scalaide.util.eclipse.EclipseUtils$$anon$3.run(EclipseUtils.scala:230)
	at org.eclipse.core.runtime.SafeRunner.run(SafeRunner.java:42)
	at org.scalaide.util.eclipse.EclipseUtils$.withSafeRunner(EclipseUtils.scala:226)
	at org.scalaide.core.ScalaIdeDataStore$.validate(ScalaIdeDataStore.scala:59)
	at org.scalaide.core.internal.statistics.Statistics.readStats(Statistics.scala:51)
	at org.scalaide.core.internal.statistics.Statistics.<init>(Statistics.scala:30)
	at org.scalaide.core.internal.ScalaPlugin.stats$lzycompute(ScalaPlugin.scala:135)
	at org.scalaide.core.internal.ScalaPlugin.stats(ScalaPlugin.scala:135)
	at org.scalaide.core.internal.ScalaPlugin.statistics(ScalaPlugin.scala:138)
	at org.scalaide.core.internal.ScalaPlugin.start(ScalaPlugin.scala:109)
	at org.eclipse.osgi.internal.framework.BundleContextImpl$3.run(BundleContextImpl.java:779)
	at org.eclipse.osgi.internal.framework.BundleContextImpl$3.run(BundleContextImpl.java:1)
	at java.security.AccessController.doPrivileged(Native Method)
	at org.eclipse.osgi.internal.framework.BundleContextImpl.startActivator(BundleContextImpl.java:772)
	at org.eclipse.osgi.internal.framework.BundleContextImpl.start(BundleContextImpl.java:729)
	at org.eclipse.osgi.internal.framework.EquinoxBundle.startWorker0(EquinoxBundle.java:933)
	at org.eclipse.osgi.internal.framework.EquinoxBundle$EquinoxModule.startWorker(EquinoxBundle.java:309)
	at org.eclipse.osgi.container.Module.doStart(Module.java:581)
	at org.eclipse.osgi.container.Module.start(Module.java:449)
	at org.eclipse.osgi.framework.util.SecureAction.start(SecureAction.java:468)
	at org.eclipse.osgi.internal.hooks.EclipseLazyStarter.postFindLocalClass(EclipseLazyStarter.java:103)
	at org.eclipse.osgi.internal.loader.classpath.ClasspathManager.findLocalClass(ClasspathManager.java:529)
	at org.eclipse.osgi.internal.loader.ModuleClassLoader.findLocalClass(ModuleClassLoader.java:328)
	at org.eclipse.osgi.internal.loader.BundleLoader.findLocalClass(BundleLoader.java:368)
	at org.eclipse.osgi.internal.loader.BundleLoader.findClassInternal(BundleLoader.java:446)
	at org.eclipse.osgi.internal.loader.BundleLoader.findClass(BundleLoader.java:395)
	at org.eclipse.osgi.internal.loader.BundleLoader.findClass(BundleLoader.java:387)
	at org.eclipse.osgi.internal.loader.ModuleClassLoader.loadClass(ModuleClassLoader.java:150)
	at java.lang.ClassLoader.loadClass(ClassLoader.java:351)
	at org.eclipse.osgi.internal.framework.EquinoxBundle.loadClass(EquinoxBundle.java:564)
	at org.eclipse.core.internal.registry.osgi.RegistryStrategyOSGI.createExecutableExtension(RegistryStrategyOSGI.java:174)
	at org.eclipse.core.internal.registry.ExtensionRegistry.createExecutableExtension(ExtensionRegistry.java:905)
	at org.eclipse.core.internal.registry.ConfigurationElement.createExecutableExtension(ConfigurationElement.java:243)
	at org.eclipse.core.internal.registry.ConfigurationElementHandle.createExecutableExtension(ConfigurationElementHandle.java:55)
	at org.eclipse.ui.internal.registry.PerspectiveDescriptor.createFactory(PerspectiveDescriptor.java:75)
	at org.eclipse.ui.internal.WorkbenchPage.createPerspective(WorkbenchPage.java:4172)
	at org.eclipse.ui.internal.WorkbenchPage.setPerspective(WorkbenchPage.java:4081)
	at org.eclipse.ui.internal.WorkbenchWindow.setup(WorkbenchWindow.java:744)
	at sun.reflect.NativeMethodAccessorImpl.invoke0(Native Method)
	at sun.reflect.NativeMethodAccessorImpl.invoke(NativeMethodAccessorImpl.java:62)
	at sun.reflect.DelegatingMethodAccessorImpl.invoke(DelegatingMethodAccessorImpl.java:43)
	at java.lang.reflect.Method.invoke(Method.java:498)
	at org.eclipse.e4.core.internal.di.MethodRequestor.execute(MethodRequestor.java:55)
	at org.eclipse.e4.core.internal.di.InjectorImpl.processAnnotated(InjectorImpl.java:990)
	at org.eclipse.e4.core.internal.di.InjectorImpl.inject(InjectorImpl.java:124)
	at org.eclipse.e4.core.internal.di.InjectorImpl.inject(InjectorImpl.java:91)
	at org.eclipse.e4.core.contexts.ContextInjectionFactory.inject(ContextInjectionFactory.java:73)
	at org.eclipse.ui.internal.Workbench.createWorkbenchWindow(Workbench.java:1494)
	at org.eclipse.ui.internal.Workbench.getActiveWorkbenchWindow(Workbench.java:1468)
	at org.eclipse.ui.internal.services.WorkbenchSourceProvider.updateActiveShell(WorkbenchSourceProvider.java:907)
	at org.eclipse.ui.internal.services.WorkbenchSourceProvider.getCurrentState(WorkbenchSourceProvider.java:115)
	at org.eclipse.ui.internal.services.WorkbenchSourceProvider.lambda$2(WorkbenchSourceProvider.java:668)
	at org.eclipse.swt.widgets.EventTable.sendEvent(EventTable.java:86)
	at org.eclipse.swt.widgets.Display.filterEvent(Display.java:1577)
	at org.eclipse.swt.widgets.Widget.sendEvent(Widget.java:1347)
	at org.eclipse.swt.widgets.Widget.sendEvent(Widget.java:1374)
	at org.eclipse.swt.widgets.Widget.sendEvent(Widget.java:1353)
	at org.eclipse.swt.widgets.Shell.gtk_focus_in_event(Shell.java:1399)
	at org.eclipse.swt.widgets.Widget.windowProc(Widget.java:1974)
	at org.eclipse.swt.widgets.Control.windowProc(Control.java:6169)
	at org.eclipse.swt.widgets.Display.windowProc(Display.java:5528)
	at org.eclipse.swt.internal.gtk.OS._gtk_main_do_event(Native Method)
	at org.eclipse.swt.internal.gtk.OS.gtk_main_do_event(OS.java:9253)
	at org.eclipse.swt.widgets.Display.eventProc(Display.java:1252)
	at org.eclipse.swt.internal.gtk.OS._g_main_context_iteration(Native Method)
	at org.eclipse.swt.internal.gtk.OS.g_main_context_iteration(OS.java:2112)
	at org.eclipse.swt.widgets.Display.readAndDispatch(Display.java:4105)
	at org.eclipse.e4.ui.internal.workbench.swt.PartRenderingEngine$5.run(PartRenderingEngine.java:1150)
	at org.eclipse.core.databinding.observable.Realm.runWithDefault(Realm.java:336)
	at org.eclipse.e4.ui.internal.workbench.swt.PartRenderingEngine.run(PartRenderingEngine.java:1039)
	at org.eclipse.e4.ui.internal.workbench.E4Workbench.createAndRunUI(E4Workbench.java:153)
	at org.eclipse.ui.internal.Workbench.lambda$3(Workbench.java:680)
	at org.eclipse.core.databinding.observable.Realm.runWithDefault(Realm.java:336)
	at org.eclipse.ui.internal.Workbench.createAndRunWorkbench(Workbench.java:594)
	at org.eclipse.ui.PlatformUI.createAndRunWorkbench(PlatformUI.java:148)
	at org.eclipse.ui.internal.ide.application.IDEApplication.start(IDEApplication.java:151)
	at org.eclipse.equinox.internal.app.EclipseAppHandle.run(EclipseAppHandle.java:196)
	at org.eclipse.core.runtime.internal.adaptor.EclipseAppLauncher.runApplication(EclipseAppLauncher.java:134)
	at org.eclipse.core.runtime.internal.adaptor.EclipseAppLauncher.start(EclipseAppLauncher.java:104)
	at org.eclipse.core.runtime.adaptor.EclipseStarter.run(EclipseStarter.java:388)
	at org.eclipse.core.runtime.adaptor.EclipseStarter.run(EclipseStarter.java:243)
	at sun.reflect.NativeMethodAccessorImpl.invoke0(Native Method)
	at sun.reflect.NativeMethodAccessorImpl.invoke(NativeMethodAccessorImpl.java:62)
	at sun.reflect.DelegatingMethodAccessorImpl.invoke(DelegatingMethodAccessorImpl.java:43)
	at java.lang.reflect.Method.invoke(Method.java:498)
	at org.eclipse.equinox.launcher.Main.invokeFramework(Main.java:653)
	at org.eclipse.equinox.launcher.Main.basicRun(Main.java:590)
	at org.eclipse.equinox.launcher.Main.run(Main.java:1499)
	at org.eclipse.equinox.launcher.Main.main(Main.java:1472)
Caused by: com.cedarsoftware.util.io.JsonIoException: EOF reached prematurely
	at com.cedarsoftware.util.io.JsonParser.error(JsonParser.java:584)
	at com.cedarsoftware.util.io.JsonParser.readValue(JsonParser.java:278)
	at com.cedarsoftware.util.io.JsonReader.readObject(JsonReader.java:521)
	... 95 more
2020-09-03 05:05:06,425  WARN [ModalContext] - ScalaProject - Project spark_tut1 has platform default sourceLevel.
2020-09-03 05:05:06,440  WARN [ModalContext] - ScalaProject - Project spark_tut1 runs on platform default installation.
2020-09-03 05:05:07,322  WARN [Worker-8] - ScalaProject - Project spark_tut1 has platform default sourceLevel.
2020-09-03 05:05:07,329  WARN [Worker-8] - ScalaProject - Project spark_tut1 runs on platform default installation.
2020-09-03 05:05:56,293  WARN [Worker-12] - ScalaProject - Project spark_tut1 has platform default sourceLevel.
2020-09-03 05:05:56,293  WARN [Worker-12] - ScalaProject - Project spark_tut1 runs on platform default installation.
2020-09-03 05:07:41,919  WARN [Worker-8] - ScalaProject - Project spark_tut1 has platform default sourceLevel.
2020-09-03 05:07:41,919  WARN [Worker-8] - ScalaProject - Project spark_tut1 runs on platform default installation.
2020-09-03 05:07:42,469  WARN [Java indexing] - ScalaProject - Project spark_tut1 has platform default sourceLevel.
2020-09-03 05:07:42,470  WARN [Java indexing] - ScalaProject - Project spark_tut1 runs on platform default installation.
2020-09-03 05:10:59,663  WARN [Worker-9] - ScalaProject - Project spark_tut1 has platform default sourceLevel.
2020-09-03 05:10:59,664  WARN [Worker-9] - ScalaProject - Project spark_tut1 runs on platform default installation.
2020-09-03 05:10:59,848  WARN [Worker-14] - ScalaProject - Project spark_tut1 has platform default sourceLevel.
2020-09-03 05:10:59,849  WARN [Worker-14] - ScalaProject - Project spark_tut1 runs on platform default installation.
2020-09-03 05:10:59,995  WARN [Worker-15] - ScalaProject - Project spark_tut1 has platform default sourceLevel.
2020-09-03 05:10:59,999  WARN [Worker-15] - ScalaProject - Project spark_tut1 runs on platform default installation.
2020-09-03 05:11:01,311 ERROR [Text Viewer Hover Presenter] - IScalaPresentationCompiler$ - Ignoring InterruptException
2020-09-03 05:11:01,330 ERROR [Text Viewer Hover Presenter] - IScalaPresentationCompiler$ - Ignoring InterruptException
2020-09-03 05:11:01,331 ERROR [Text Viewer Hover Presenter] - IScalaPresentationCompiler$ - Ignoring InterruptException
2020-09-03 05:11:01,333 ERROR [Text Viewer Hover Presenter] - IScalaPresentationCompiler$ - Ignoring InterruptException
2020-09-03 05:11:01,533  WARN [org.scalaide.ui.internal.reconciliation.ScalaReconciler] - ImplicitHighlightingPresenter - Timeout while waiting for `askLoadedTyped` during semantic highlighting.
2020-09-03 05:11:01,737  WARN [org.scalaide.ui.internal.reconciliation.ScalaReconciler] - CustomSemanticAction - Timeout while waiting for `askLoadedTyped` during semantic highlighting.
2020-09-03 05:11:01,944  WARN [org.scalaide.ui.internal.reconciliation.ScalaReconciler] - CallByNameParamAtCreationPresenter - Timeout while waiting for `askLoadedTyped` during semantic highlighting.
2020-09-03 05:25:16,837  WARN [Worker-15] - ScalaProject - Project spark_tut1 has platform default sourceLevel.
2020-09-03 05:25:16,837  WARN [Worker-15] - ScalaProject - Project spark_tut1 runs on platform default installation.
2020-09-03 05:25:19,051  WARN [main] - ScalaProject - Project spark_tut1 has platform default sourceLevel.
2020-09-03 05:25:19,051  WARN [main] - ScalaProject - Project spark_tut1 runs on platform default installation.
2020-09-03 05:25:19,175  WARN [main] - org.scala-ide.sdt.core - org.scala-ide.sdt.core - org.scala-ide.sdt.core - 0 - Preference scala.compiler.sourceLevel was uninitialized for spark_tut1, setting default to 2.12.
2020-09-03 05:25:19,770  WARN [Worker-24] - ScalaProject - Project spark_tut1 has platform default sourceLevel.
2020-09-03 05:25:19,771  WARN [Worker-24] - ScalaProject - Project spark_tut1 runs on platform default installation.
2020-09-03 05:25:19,867  WARN [org.scalaide.ui.internal.reconciliation.ScalaReconciler] - ScalaProject - Project spark_tut1 has platform default sourceLevel.
2020-09-03 05:25:19,867  WARN [org.scalaide.ui.internal.reconciliation.ScalaReconciler] - ScalaProject - Project spark_tut1 runs on platform default installation.
2020-09-03 05:25:31,904  WARN [Worker-24] - ScalaProject - Project spark_tut1 has platform default sourceLevel.
2020-09-03 05:25:31,904  WARN [Worker-24] - ScalaProject - Project spark_tut1 runs on platform default installation.
2020-09-03 05:25:31,914  WARN [Worker-24] - ScalaProject - Project spark_tut1 has platform default sourceLevel.
2020-09-03 05:25:31,914  WARN [Worker-24] - ScalaProject - Project spark_tut1 runs on platform default installation.
2020-09-03 05:25:32,309  WARN [org.scalaide.ui.internal.reconciliation.ScalaReconciler] - ScalaProject - Project spark_tut1 has platform default sourceLevel.
2020-09-03 05:25:32,309  WARN [org.scalaide.ui.internal.reconciliation.ScalaReconciler] - ScalaProject - Project spark_tut1 runs on platform default installation.
